0 info it worked if it ends with ok
1 verbose cli [ '/Users/vincentdu/.nvm/versions/node/v6.2.2/bin/node',
1 verbose cli   '/Users/vincentdu/.nvm/versions/node/v6.2.2/bin/npm',
1 verbose cli   'run',
1 verbose cli   'serve' ]
2 info using npm@3.9.5
3 info using node@v6.2.2
4 verbose run-script [ 'preserve', 'serve', 'postserve' ]
5 info lifecycle aframe-react-boilerplate@1.0.0~preserve: aframe-react-boilerplate@1.0.0
6 silly lifecycle aframe-react-boilerplate@1.0.0~preserve: no script for preserve, continuing
7 info lifecycle aframe-react-boilerplate@1.0.0~serve: aframe-react-boilerplate@1.0.0
8 verbose lifecycle aframe-react-boilerplate@1.0.0~serve: unsafe-perm in lifecycle true
9 verbose lifecycle aframe-react-boilerplate@1.0.0~serve: PATH: /Users/vincentdu/.nvm/versions/node/v6.2.2/lib/node_modules/npm/bin/node-gyp-bin:/Users/vincentdu/Desktop/Development Work/javascript/vr/speech_simulator_vr/www/node_modules/.bin:/Users/vincentdu/.nvm/versions/node/v6.2.2/bin:/Users/vincentdu/.sdkman/candidates/gradle/current/bin:/Users/vincentdu/google-cloud-sdk/bin:/Library/Frameworks/Python.framework/Versions/3.5/bin:/Users/vincentdu/.rvm/gems/ruby-2.3.0/bin:/Users/vincentdu/.rvm/gems/ruby-2.3.0@global/bin:/Users/vincentdu/.rvm/rubies/ruby-2.3.0/bin:/Users/vincentdu/.nvm/versions/node/v6.2.2/bin:/usr/local/bin:/usr/bin:/bin:/usr/sbin:/sbin:/opt/X11/bin:/usr/local/mongodb/bin:/Users/vincentdu/.rvm/bin:/Users/vincentdu/Library/Android/sdk/platform-tools:/Users/vincentdu/Library/Android/sdk/tools
10 verbose lifecycle aframe-react-boilerplate@1.0.0~serve: CWD: /Users/vincentdu/Desktop/Development Work/javascript/vr/speech_simulator_vr/www
11 silly lifecycle aframe-react-boilerplate@1.0.0~serve: Args: [ '-c',
11 silly lifecycle   'webpack-dev-server --content-base src --progress --watch --history-api-fallback --inline --hot --host 0.0.0.0 --https --port 9090' ]
12 silly lifecycle aframe-react-boilerplate@1.0.0~serve: Returned: code: 1  signal: null
13 info lifecycle aframe-react-boilerplate@1.0.0~serve: Failed to exec serve script
14 verbose stack Error: aframe-react-boilerplate@1.0.0 serve: `webpack-dev-server --content-base src --progress --watch --history-api-fallback --inline --hot --host 0.0.0.0 --https --port 9090`
14 verbose stack Exit status 1
14 verbose stack     at EventEmitter.<anonymous> (/Users/vincentdu/.nvm/versions/node/v6.2.2/lib/node_modules/npm/lib/utils/lifecycle.js:245:16)
14 verbose stack     at emitTwo (events.js:106:13)
14 verbose stack     at EventEmitter.emit (events.js:191:7)
14 verbose stack     at ChildProcess.<anonymous> (/Users/vincentdu/.nvm/versions/node/v6.2.2/lib/node_modules/npm/lib/utils/spawn.js:24:14)
14 verbose stack     at emitTwo (events.js:106:13)
14 verbose stack     at ChildProcess.emit (events.js:191:7)
14 verbose stack     at maybeClose (internal/child_process.js:852:16)
14 verbose stack     at Process.ChildProcess._handle.onexit (internal/child_process.js:215:5)
15 verbose pkgid aframe-react-boilerplate@1.0.0
16 verbose cwd /Users/vincentdu/Desktop/Development Work/javascript/vr/speech_simulator_vr/www
17 error Darwin 16.0.0
18 error argv "/Users/vincentdu/.nvm/versions/node/v6.2.2/bin/node" "/Users/vincentdu/.nvm/versions/node/v6.2.2/bin/npm" "run" "serve"
19 error node v6.2.2
20 error npm  v3.9.5
21 error code ELIFECYCLE
22 error aframe-react-boilerplate@1.0.0 serve: `webpack-dev-server --content-base src --progress --watch --history-api-fallback --inline --hot --host 0.0.0.0 --https --port 9090`
22 error Exit status 1
23 error Failed at the aframe-react-boilerplate@1.0.0 serve script 'webpack-dev-server --content-base src --progress --watch --history-api-fallback --inline --hot --host 0.0.0.0 --https --port 9090'.
23 error Make sure you have the latest version of node.js and npm installed.
23 error If you do, this is most likely a problem with the aframe-react-boilerplate package,
23 error not with npm itself.
23 error Tell the author that this fails on your system:
23 error     webpack-dev-server --content-base src --progress --watch --history-api-fallback --inline --hot --host 0.0.0.0 --https --port 9090
23 error You can get information on how to open an issue for this project with:
23 error     npm bugs aframe-react-boilerplate
23 error Or if that isn't available, you can get their info via:
23 error     npm owner ls aframe-react-boilerplate
23 error There is likely additional logging output above.
24 verbose exit [ 1, true ]
